<?xml version="1.0" encoding="UTF-8" ?>
<testsuites disabled="0" errors="0" failures="0" tests="1" time="398.951">
 <testsuite name="As developer with 
      - valid account
      - no configured application
  " timestamp="2018-06-27T14:13:08" hostname="localhost" time="398.951" errors="0" tests="1" skipped="0" disabled="0" failures="0">
  <testcase classname="As developer with 
      - valid account
      - no configured application
  " name="Should be able to catch a shutowned worker " time="398.91" />
 </testsuite>
</testsuites>