<?xml version="1.0" encoding="UTF-8" ?>
<testsuites disabled="0" errors="0" failures="0" tests="4" time="44.545">
 <testsuite name="As developer with 
      - valid account
      - no configured application
  " timestamp="2018-07-05T17:46:57" hostname="localhost" time="44.545" errors="0" tests="4" skipped="0" disabled="0" failures="0">
  <testcase classname="As developer with 
      - valid account
      - no configured application
  " name="Should be able to launch a local worker and call hello CCS" time="12.423" />
  <testcase classname="As developer with 
      - valid account
      - no configured application
  " name="Should be able to catch a broken CCS exception" time="11.882" />
  <testcase classname="As developer with 
      - valid account
      - no configured application
  " name="Should be able to catch a broken worker init" time="2.476" />
  <testcase classname="As developer with 
      - valid account
      - no configured application
  " name="Should be able to catch an exit CCS " time="17.762" />
 </testsuite>
</testsuites>